[2026-05-07T03:32:36.213Z] [INFO] Scheduled task: Full anatomy rescan (0 */6 * * *)
[2026-05-07T03:32:36.218Z] [INFO] Scheduled task: Consolidate old memory (0 2 * * *)
[2026-05-07T03:32:36.219Z] [INFO] Scheduled task: Token audit report (0 0 * * 1)
[2026-05-07T03:32:36.220Z] [INFO] Scheduled task: Cerebrum reflection (0 3 * * 0)
[2026-05-07T03:32:36.221Z] [INFO] Scheduled task: AI suggestions (0 4 * * 1)
[2026-05-07T03:32:36.224Z] [INFO] File watcher started on .wolf/
[2026-05-07T03:32:36.226Z] [INFO] OpenWolf daemon started
[2026-05-07T03:32:36.228Z] [INFO] Dashboard server listening on port 18791
[2026-05-07T03:32:36.891Z] [INFO] Scheduled task: Full anatomy rescan (0 */6 * * *)
[2026-05-07T03:32:36.896Z] [INFO] Scheduled task: Consolidate old memory (0 2 * * *)
[2026-05-07T03:32:36.897Z] [INFO] Scheduled task: Token audit report (0 0 * * 1)
[2026-05-07T03:32:36.898Z] [INFO] Scheduled task: Cerebrum reflection (0 3 * * 0)
[2026-05-07T03:32:36.899Z] [INFO] Scheduled task: AI suggestions (0 4 * * 1)
[2026-05-07T03:32:36.903Z] [INFO] File watcher started on .wolf/
[2026-05-07T03:32:36.904Z] [INFO] OpenWolf daemon started
[2026-05-07T03:32:36.906Z] [INFO] Dashboard server listening on port 18791
[2026-05-07T03:32:37.648Z] [INFO] Scheduled task: Full anatomy rescan (0 */6 * * *)
[2026-05-07T03:32:37.655Z] [INFO] Scheduled task: Consolidate old memory (0 2 * * *)
[2026-05-07T03:32:37.656Z] [INFO] Scheduled task: Token audit report (0 0 * * 1)
[2026-05-07T03:32:37.657Z] [INFO] Scheduled task: Cerebrum reflection (0 3 * * 0)
[2026-05-07T03:32:37.658Z] [INFO] Scheduled task: AI suggestions (0 4 * * 1)
[2026-05-07T03:32:37.662Z] [INFO] File watcher started on .wolf/
[2026-05-07T03:32:37.664Z] [INFO] OpenWolf daemon started
[2026-05-07T03:32:37.665Z] [INFO] Dashboard server listening on port 18791
[2026-05-07T03:32:38.477Z] [INFO] Scheduled task: Full anatomy rescan (0 */6 * * *)
[2026-05-07T03:32:38.483Z] [INFO] Scheduled task: Consolidate old memory (0 2 * * *)
[2026-05-07T03:32:38.484Z] [INFO] Scheduled task: Token audit report (0 0 * * 1)
[2026-05-07T03:32:38.485Z] [INFO] Scheduled task: Cerebrum reflection (0 3 * * 0)
[2026-05-07T03:32:38.486Z] [INFO] Scheduled task: AI suggestions (0 4 * * 1)
[2026-05-07T03:32:38.490Z] [INFO] File watcher started on .wolf/
[2026-05-07T03:32:38.492Z] [INFO] OpenWolf daemon started
[2026-05-07T03:32:38.493Z] [INFO] Dashboard server listening on port 18791
[2026-05-07T03:32:39.323Z] [INFO] Scheduled task: Full anatomy rescan (0 */6 * * *)
[2026-05-07T03:32:39.329Z] [INFO] Scheduled task: Consolidate old memory (0 2 * * *)
[2026-05-07T03:32:39.330Z] [INFO] Scheduled task: Token audit report (0 0 * * 1)
[2026-05-07T03:32:39.331Z] [INFO] Scheduled task: Cerebrum reflection (0 3 * * 0)
[2026-05-07T03:32:39.332Z] [INFO] Scheduled task: AI suggestions (0 4 * * 1)
[2026-05-07T03:32:39.336Z] [INFO] File watcher started on .wolf/
[2026-05-07T03:32:39.338Z] [INFO] OpenWolf daemon started
[2026-05-07T03:32:39.339Z] [INFO] Dashboard server listening on port 18791
[2026-05-07T03:32:40.010Z] [INFO] Scheduled task: Full anatomy rescan (0 */6 * * *)
[2026-05-07T03:32:40.015Z] [INFO] Scheduled task: Consolidate old memory (0 2 * * *)
[2026-05-07T03:32:40.016Z] [INFO] Scheduled task: Token audit report (0 0 * * 1)
[2026-05-07T03:32:40.017Z] [INFO] Scheduled task: Cerebrum reflection (0 3 * * 0)
[2026-05-07T03:32:40.018Z] [INFO] Scheduled task: AI suggestions (0 4 * * 1)
[2026-05-07T03:32:40.022Z] [INFO] File watcher started on .wolf/
[2026-05-07T03:32:40.024Z] [INFO] OpenWolf daemon started
[2026-05-07T03:32:40.025Z] [INFO] Dashboard server listening on port 18791
[2026-05-07T03:32:40.705Z] [INFO] Scheduled task: Full anatomy rescan (0 */6 * * *)
[2026-05-07T03:32:40.709Z] [INFO] Scheduled task: Consolidate old memory (0 2 * * *)
[2026-05-07T03:32:40.710Z] [INFO] Scheduled task: Token audit report (0 0 * * 1)
[2026-05-07T03:32:40.710Z] [INFO] Scheduled task: Cerebrum reflection (0 3 * * 0)
[2026-05-07T03:32:40.711Z] [INFO] Scheduled task: AI suggestions (0 4 * * 1)
[2026-05-07T03:32:40.714Z] [INFO] File watcher started on .wolf/
[2026-05-07T03:32:40.715Z] [INFO] OpenWolf daemon started
[2026-05-07T03:32:40.716Z] [INFO] Dashboard server listening on port 18791
[2026-05-07T03:32:41.383Z] [INFO] Scheduled task: Full anatomy rescan (0 */6 * * *)
[2026-05-07T03:32:41.388Z] [INFO] Scheduled task: Consolidate old memory (0 2 * * *)
[2026-05-07T03:32:41.389Z] [INFO] Scheduled task: Token audit report (0 0 * * 1)
[2026-05-07T03:32:41.389Z] [INFO] Scheduled task: Cerebrum reflection (0 3 * * 0)
[2026-05-07T03:32:41.390Z] [INFO] Scheduled task: AI suggestions (0 4 * * 1)
[2026-05-07T03:32:41.394Z] [INFO] File watcher started on .wolf/
[2026-05-07T03:32:41.395Z] [INFO] OpenWolf daemon started
[2026-05-07T03:32:41.397Z] [INFO] Dashboard server listening on port 18791
[2026-05-07T03:32:42.198Z] [INFO] Scheduled task: Full anatomy rescan (0 */6 * * *)
[2026-05-07T03:32:42.205Z] [INFO] Scheduled task: Consolidate old memory (0 2 * * *)
[2026-05-07T03:32:42.207Z] [INFO] Scheduled task: Token audit report (0 0 * * 1)
[2026-05-07T03:32:42.208Z] [INFO] Scheduled task: Cerebrum reflection (0 3 * * 0)
[2026-05-07T03:32:42.209Z] [INFO] Scheduled task: AI suggestions (0 4 * * 1)
[2026-05-07T03:32:42.215Z] [INFO] File watcher started on .wolf/
[2026-05-07T03:32:42.217Z] [INFO] OpenWolf daemon started
[2026-05-07T03:32:42.219Z] [INFO] Dashboard server listening on port 18791
[2026-05-07T03:32:43.011Z] [INFO] Scheduled task: Full anatomy rescan (0 */6 * * *)
[2026-05-07T03:32:43.020Z] [INFO] Scheduled task: Consolidate old memory (0 2 * * *)
[2026-05-07T03:32:43.022Z] [INFO] Scheduled task: Token audit report (0 0 * * 1)
[2026-05-07T03:32:43.023Z] [INFO] Scheduled task: Cerebrum reflection (0 3 * * 0)
[2026-05-07T03:32:43.025Z] [INFO] Scheduled task: AI suggestions (0 4 * * 1)
[2026-05-07T03:32:43.031Z] [INFO] File watcher started on .wolf/
[2026-05-07T03:32:43.034Z] [INFO] OpenWolf daemon started
[2026-05-07T03:32:43.036Z] [INFO] Dashboard server listening on port 18791
[2026-05-07T03:32:43.791Z] [INFO] Scheduled task: Full anatomy rescan (0 */6 * * *)
[2026-05-07T03:32:43.798Z] [INFO] Scheduled task: Consolidate old memory (0 2 * * *)
[2026-05-07T03:32:43.799Z] [INFO] Scheduled task: Token audit report (0 0 * * 1)
[2026-05-07T03:32:43.800Z] [INFO] Scheduled task: Cerebrum reflection (0 3 * * 0)
[2026-05-07T03:32:43.801Z] [INFO] Scheduled task: AI suggestions (0 4 * * 1)
[2026-05-07T03:32:43.806Z] [INFO] File watcher started on .wolf/
[2026-05-07T03:32:43.808Z] [INFO] OpenWolf daemon started
[2026-05-07T03:32:43.811Z] [INFO] Dashboard server listening on port 18791
[2026-05-07T03:32:44.521Z] [INFO] Scheduled task: Full anatomy rescan (0 */6 * * *)
[2026-05-07T03:32:44.526Z] [INFO] Scheduled task: Consolidate old memory (0 2 * * *)
[2026-05-07T03:32:44.527Z] [INFO] Scheduled task: Token audit report (0 0 * * 1)
[2026-05-07T03:32:44.528Z] [INFO] Scheduled task: Cerebrum reflection (0 3 * * 0)
[2026-05-07T03:32:44.528Z] [INFO] Scheduled task: AI suggestions (0 4 * * 1)
[2026-05-07T03:32:44.532Z] [INFO] File watcher started on .wolf/
[2026-05-07T03:32:44.533Z] [INFO] OpenWolf daemon started
[2026-05-07T03:32:44.535Z] [INFO] Dashboard server listening on port 18791
[2026-05-07T03:32:45.203Z] [INFO] Scheduled task: Full anatomy rescan (0 */6 * * *)
[2026-05-07T03:32:45.208Z] [INFO] Scheduled task: Consolidate old memory (0 2 * * *)
[2026-05-07T03:32:45.209Z] [INFO] Scheduled task: Token audit report (0 0 * * 1)
[2026-05-07T03:32:45.209Z] [INFO] Scheduled task: Cerebrum reflection (0 3 * * 0)
[2026-05-07T03:32:45.210Z] [INFO] Scheduled task: AI suggestions (0 4 * * 1)
[2026-05-07T03:32:45.213Z] [INFO] File watcher started on .wolf/
[2026-05-07T03:32:45.214Z] [INFO] OpenWolf daemon started
[2026-05-07T03:32:45.216Z] [INFO] Dashboard server listening on port 18791
[2026-05-07T03:32:45.949Z] [INFO] Scheduled task: Full anatomy rescan (0 */6 * * *)
[2026-05-07T03:32:45.954Z] [INFO] Scheduled task: Consolidate old memory (0 2 * * *)
[2026-05-07T03:32:45.955Z] [INFO] Scheduled task: Token audit report (0 0 * * 1)
[2026-05-07T03:32:45.955Z] [INFO] Scheduled task: Cerebrum reflection (0 3 * * 0)
[2026-05-07T03:32:45.956Z] [INFO] Scheduled task: AI suggestions (0 4 * * 1)
[2026-05-07T03:32:45.959Z] [INFO] File watcher started on .wolf/
[2026-05-07T03:32:45.961Z] [INFO] OpenWolf daemon started
[2026-05-07T03:32:45.962Z] [INFO] Dashboard server listening on port 18791
[2026-05-07T03:32:46.627Z] [INFO] Scheduled task: Full anatomy rescan (0 */6 * * *)
[2026-05-07T03:32:46.632Z] [INFO] Scheduled task: Consolidate old memory (0 2 * * *)
[2026-05-07T03:32:46.633Z] [INFO] Scheduled task: Token audit report (0 0 * * 1)
[2026-05-07T03:32:46.634Z] [INFO] Scheduled task: Cerebrum reflection (0 3 * * 0)
[2026-05-07T03:32:46.635Z] [INFO] Scheduled task: AI suggestions (0 4 * * 1)
[2026-05-07T03:32:46.638Z] [INFO] File watcher started on .wolf/
[2026-05-07T03:32:46.640Z] [INFO] OpenWolf daemon started
[2026-05-07T03:32:46.641Z] [INFO] Dashboard server listening on port 18791
[2026-05-07T03:32:47.393Z] [INFO] Scheduled task: Full anatomy rescan (0 */6 * * *)
[2026-05-07T03:32:47.398Z] [INFO] Scheduled task: Consolidate old memory (0 2 * * *)
[2026-05-07T03:32:47.399Z] [INFO] Scheduled task: Token audit report (0 0 * * 1)
[2026-05-07T03:32:47.400Z] [INFO] Scheduled task: Cerebrum reflection (0 3 * * 0)
[2026-05-07T03:32:47.401Z] [INFO] Scheduled task: AI suggestions (0 4 * * 1)
[2026-05-07T03:32:47.404Z] [INFO] File watcher started on .wolf/
[2026-05-07T03:32:47.406Z] [INFO] OpenWolf daemon started
[2026-05-07T03:32:47.407Z] [INFO] Dashboard server listening on port 18791
